<?xml version="1.0" encoding="UTF-8"?>
<!-- Generated by org.testng.reporters.JUnitReportReporter -->
<testsuite hostname="EYAGUNKOVA" name="com.example.tests.ContactCreation" tests="1" failures="0" timestamp="20 Oct 2014 20:05:43 GMT" time="11.071" errors="0">
  <testcase name="testContactCreation" time="11.071" classname="com.example.tests.ContactCreation"/>
</testsuite> <!-- com.example.tests.ContactCreation -->
