<?xml version="1.0" encoding="UTF-8"?>
<!-- Generated by org.testng.reporters.JUnitReportReporter -->
<testsuite hostname="EYAGUNKOVA" name="com.example.tests.GroupRemovalTests" tests="1" failures="0" timestamp="20 Oct 2014 17:31:15 GMT" time="7.461" errors="0">
  <testcase name="deleteSomeGroup" time="7.461" classname="com.example.tests.GroupRemovalTests"/>
</testsuite> <!-- com.example.tests.GroupRemovalTests -->
