<?xml version="1.0" encoding="UTF-8"?>
<!-- Generated by org.testng.reporters.JUnitReportReporter -->
<testsuite hostname="EYAGUNKOVA" name="com.example.tests.ContactModificationTests" tests="1" failures="0" timestamp="22 Oct 2014 13:33:01 GMT" time="4.992" errors="0">
  <testcase name="modifySomeContact" time="4.992" classname="com.example.tests.ContactModificationTests"/>
</testsuite> <!-- com.example.tests.ContactModificationTests -->
