<?xml version="1.0" encoding="UTF-8"?>
<!-- Generated by org.testng.reporters.JUnitReportReporter -->
<testsuite hostname="EYAGUNKOVA" name="com.example.tests.AlsoGroupCreation1" tests="2" failures="0" timestamp="19 Oct 2014 12:02:19 GMT" time="6.757" errors="0">
  <testcase name="testEmptyGroupCreation" time="3.590" classname="com.example.tests.AlsoGroupCreation1"/>
  <testcase name="testNonEmptyGroupCreation" time="3.167" classname="com.example.tests.AlsoGroupCreation1"/>
</testsuite> <!-- com.example.tests.AlsoGroupCreation1 -->
