<?xml version="1.0" encoding="UTF-8"?>
<!-- Generated by org.testng.reporters.JUnitReportReporter -->
<testsuite hostname="EYAGUNKOVA" name="com.example.tests.GroupCreation1" tests="2" failures="0" timestamp="12 Oct 2014 20:00:11 GMT" time="4.617" errors="0">
  <testcase name="testNonEmptyGroupCreation" time="2.603" classname="com.example.tests.GroupCreation1"/>
  <testcase name="testEmptyGroupCreation" time="2.014" classname="com.example.tests.GroupCreation1"/>
</testsuite> <!-- com.example.tests.GroupCreation1 -->
