<?xml version="1.0" encoding="UTF-8"?>
<!-- Generated by org.testng.reporters.JUnitReportReporter -->
<testsuite hostname="EYAGUNKOVA" name="com.example.tests.AlsoGroupCreation1" tests="2" failures="0" timestamp="12 Oct 2014 20:00:11 GMT" time="5.225" errors="0">
  <testcase name="testEmptyGroupCreation" time="2.308" classname="com.example.tests.AlsoGroupCreation1"/>
  <testcase name="testNonEmptyGroupCreation" time="2.917" classname="com.example.tests.AlsoGroupCreation1"/>
</testsuite> <!-- com.example.tests.AlsoGroupCreation1 -->
