<?xml version="1.0" encoding="UTF-8"?>
<!-- Generated by org.testng.reporters.JUnitReportReporter -->
<testsuite hostname="EYAGUNKOVA" name="com.example.tests.ContactRemovalTests" tests="1" failures="0" timestamp="22 Oct 2014 13:05:04 GMT" time="3.035" errors="0">
  <testcase name="modifySomeContact" time="3.035" classname="com.example.tests.ContactRemovalTests"/>
</testsuite> <!-- com.example.tests.ContactRemovalTests -->
