<?xml version="1.0" encoding="UTF-8"?>
<!-- Generated by org.testng.reporters.JUnitReportReporter -->
<testsuite hostname="EYAGUNKOVA" name="com.example.tests.GroupCreation1" tests="2" failures="0" timestamp="19 Oct 2014 15:37:44 GMT" time="8.016" errors="0">
  <testcase name="testNonEmptyGroupCreation" time="3.829" classname="com.example.tests.GroupCreation1"/>
  <testcase name="testEmptyGroupCreation" time="4.187" classname="com.example.tests.GroupCreation1"/>
</testsuite> <!-- com.example.tests.GroupCreation1 -->
