<?xml version="1.0" encoding="UTF-8"?>
<!-- Generated by org.testng.reporters.JUnitReportReporter -->
<testsuite hostname="EYAGUNKOVA" name="com.example.tests.ContactCreation" tests="1" failures="0" timestamp="12 Oct 2014 20:00:10 GMT" time="5.192" errors="0">
  <testcase name="testContactCreation" time="5.192" classname="com.example.tests.ContactCreation"/>
</testsuite> <!-- com.example.tests.ContactCreation -->
