<?xml version="1.0" encoding="UTF-8"?>
<!-- Generated by org.testng.reporters.JUnitReportReporter -->
<testsuite hostname="EYAGUNKOVA" name="com.example.tests.GroupModificationTests" tests="1" failures="0" timestamp="22 Oct 2014 13:29:18 GMT" time="5.174" errors="0">
  <testcase name="modifySomeGroup" time="5.174" classname="com.example.tests.GroupModificationTests"/>
</testsuite> <!-- com.example.tests.GroupModificationTests -->
